  ADDR B1 B2 B3 B4 D:\UNLaM\ARQUITECTURA DE COMPUTADORAS\FABIAN\    PAGE       1

                   * recorrer un vector contando los ceros, pares y negativos
                   * conociendo direccion inicial y cantidad de elementos
                   * vector con elementos de 16 bits

                                   ORG     0000
                   pares           RMB     1               variables que uso
.                  como contadores
                   negas           RMB     1
                   ceros           RMB     1
                   cant            EQU     9               cantidad de elementos
.                  que tiene el vector
                   cuenta          RMB     1               llevo la cuenta en
.                  esta variacle ya que acumB esta ocupado

                                   ORG     $0010
  0010 00 01 02 03 vec             DB      00,01,02,03,04,$f1,$81,$80,$90,$a1
. 0014 04 F1 81 80
. 0018 90 A1

                                   ORG     $c000
  C000 C6 09                       LDAB    #cant           cargo a acumB
.                  momentaneamente con la cantidad de elementos del vector
  C002 D7 03                       STAB    cuenta          llevo el contenido
.                  del acumB a la variable cuenta<-- el contador
  C004 7F 00 00                    CLR     pares
  C007 7F 00 01                    CLR     negas           limpio los contadores
  C00A 7F 00 02                    CLR     ceros
  C00D CE 00 10                    LDX     #vec            cargo en el indice X
.                  la direccion de inicio del vector
  C010 EC 00       bucle           LDD     0,x             cargo en el regD el
.                  contenido de la direccion que tiene el registro indice
  C012 46                          RORA                    roto a izquierda el
.                  acumA: LSB-->Cy
  C013 25 03                       BCS     esImpar         si el carry es cero,
.                  el numero es impar
  C015 7C 00 00                    INC     pares           sino, es par-->>
.                  incremento el contador de pares

  C018 49          esImpar         ROLA                    roto para volver al
.                  num original: CY-->LSB
  C019 26 03                       BNE     noCero          como ROLA actualiza
.                  zero, salto si no es cero
  C01B 7C 00 02                    INC     ceros           si no, es cero-->>
.                  incremento el contador de ceros

  C01E EC 00       noCero          LDD     0,x             cargo el acumA el
.                  contenido de la direccion quei tiene el registro indice
  C020 2A 03                       BPL     noNeg           como LDAA actualiza
.                  N, salto si es positivo
  C022 7C 00 01                    INC     negas           sino, es negativo-->
.                  incremento el contador de negativos

  C025 08          noNeg           INX                     voy al siguiente
.                  elemento del vector->incremento 2 veces xq las dir son de 16
  C026 08                          INX
  C027 7A 00 03                    DEC     cuenta          decremento cuenta en
.                  cada pasada
  C02A 26 E4                       BNE     bucle           vuelvo a ejecutar el
.                  bucle si el acumB no llega a cero
  C02C 20 FE       fin             BRA     fin

  Symbol Table 

  NEGAS              0001
  PARES              0000
  Symbol Table     D:\UNLaM\ARQUITECTURA DE COMPUTADORAS\FABIAN\    PAGE       2

  CANT               0009
  CUENTA             0003
  BUCLE              C010
  VEC                0010
  NOCERO             C01E
  ESIMPAR            C018
  FIN                C02C
  NONEG              C025
  CEROS              0002
