  ADDR B1 B2 B3 B4 D:\UNLaM\ARQUITECTURA DE COMPUTADORAS\FABIAN\    PAGE       1

                   * ordenar por burbujeo numeros no signados de mayor a menor

                                   ORG     $0000
  0000 09 04 03 05 vector          DB      09,04,03,05,02,$FA,$30,$90,$10
. 0004 02 FA 30 90
. 0008 10
  0009 01          rotcev          DB      1

                                   ORG     $C000
  C000 18 CE 00 00 main            LDY     #vector                 cargo el
.                  indice Y con la direccion de inicio del vector
  C004 CE 00 00    bucE            LDX     #vector                 cargo el
.                  indice X con la direccion de inicio del vector
  C007 A6 00       bucI            LDAA    0,x                     cargo el
.                  acumB con el contenido de la dir del indice x
  C009 A1 01                       CMPA    1,x                     comparo acumA
.                  contra el contenido de la sig dir del ind X
  C00B 24 06                       BHS     noPro                   si >= no
.                  corresponde intercambiar->paso al proximo
  C00D E6 01                       LDAB    1,x                     cargo el
.                  acumB con el contenido de la sig dir del indice x
  C00F A7 01                       STAA    1,x                     almaceno el
.                  acumA en la sig direccion del indice x
  C011 E7 00                       STAB    0,x                     almaceno el
.                  acumB en la direccion del indice x

  C013 08          noPro           INX                             voy al
.                  siguiente
  C014 8C 00 08                    CPX     #(rotcev-1)             comparo
.                  indice x contra dir del ultimo elemento del vector
  C017 25 EE                       BLO     bucI                    si < ejecuto
.                  bucle interno-> sigo con la pasada
  C019 18 08                       INY                             sino, muevo
.                  el puntero del inicio al siguiente
  C01B 18 8C 00 08                 CPY     #(rotcev-1)             comparo
.                  indice y contra dir del ultimo elemento del vector
  C01F 25 E3                       BLO     bucE                    si < ejecuto
.                  bucle externo-> comienzo una nueva pasada
  C021 20 FE       fin             BRA     fin

  Symbol Table 

  NOPRO              C013
  MAIN               C000
  VECTOR             0000
  BUCE               C004
  BUCI               C007
  FIN                C021
  ROTCEV             0009
